
──────────────────────────────────────────────────
  ETH_4H PAPER TRADER
  2026-02-24 16:00
──────────────────────────────────────────────────

  Price    : $1,834.07
  RSI      : 32.0
  KC Lower : $1,842.62
  MA Fast  : $1,880.12
  MA Slow  : $1,924.06
  Capital  : $50.00
  Position : OPEN @ $1826.1390380859375


  ────────────────────────────────────────
  Total trades : 0
  Win rate     : 0.0%
  Total P&L    : $+4.13 (+0.4%)

──────────────────────────────────────────────────
  ETH_4H TRADER (TESTNET)
  2026-02-24 20:00
──────────────────────────────────────────────────

  Price    : $1,857.00
  RSI      : 36.9
  KC Lower : $1,839.22
  Capital  : $50.00
  Position : None

  No signal — watching…

  ────────────────────────────────────────
  Total trades : 0
  Win rate     : 0.0%
  Total P&L    : $+0.00 (+0.0%)

──────────────────────────────────────────────────
  ETH_4H TRADER (TESTNET)
  2026-02-25 00:00
──────────────────────────────────────────────────

  Price    : $1,860.02
  RSI      : 37.6
  KC Lower : $1,835.91
  Capital  : $50.00
  Position : None

  No signal — watching…

  ────────────────────────────────────────
  Total trades : 0
  Win rate     : 0.0%
  Total P&L    : $+0.00 (+0.0%)

──────────────────────────────────────────────────
  ETH_4H TRADER (TESTNET)
  2026-02-25 04:00
──────────────────────────────────────────────────

  Price    : $1,923.21
  RSI      : 40.6
  KC Lower : $1,883.41
  Capital  : $50.00
  Position : None

  No signal — watching…

  ────────────────────────────────────────
  Total trades : 0
  Win rate     : 0.0%
  Total P&L    : $+0.00 (+0.0%)

──────────────────────────────────────────────────
  ETH_4H TRADER (TESTNET)
  2026-02-25 08:00
──────────────────────────────────────────────────

  Price    : $1,885.38
  RSI      : 35.4
  KC Lower : $1,875.18
  Capital  : $50.00
  Position : None

  No signal — watching…

  ────────────────────────────────────────
  Total trades : 0
  Win rate     : 0.0%
  Total P&L    : $+0.00 (+0.0%)

──────────────────────────────────────────────────
  ETH_4H TRADER (TESTNET)
  2026-02-25 12:00
──────────────────────────────────────────────────

  Price    : $1,912.49
  RSI      : 40.8
  KC Lower : $1,873.03
  Capital  : $50.00
  Position : None

  No signal — watching…

  ────────────────────────────────────────
  Total trades : 0
  Win rate     : 0.0%
  Total P&L    : $+0.00 (+0.0%)
